[0m[[0m[0mdebug[0m] [0m[0m> Exec(__runWatch console0, Some(9cad0a56-82da-483c-a2cc-da2a830b42f0), Some(CommandSource(console0)))[0m
[0m[[0m[0mdebug[0m] [0m[0m> Exec(sbtStashOnFailure, None, Some(CommandSource(console0)))[0m
[0m[[0m[0mdebug[0m] [0m[0m> Exec(__preWatch console0, None, Some(CommandSource(console0)))[0m
[0m[[0m[0mdebug[0m] [0m[0m> Exec(run, None, Some(CommandSource(console0)))[0m
[0m[[0m[0mdebug[0m] [0m[0mEvaluating tasks: Compile / run[0m
[0m[[0m[0mdebug[0m] [0m[0mRunning task... Cancel: Signal, check cycles: false, forcegc: true[0m
[0m[[0m[0minfo[0m] [0m[0mcompiling 2 Scala sources to C:\Users\grego\OneDrive\Scala-Lynx\lynxcats\target\scala-3.3.0\classes ...[0m
[0m[[0m[31merror[0m] [0m[0m[31m[31m-- [E007] Type Mismatch Error: C:\Users\grego\OneDrive\Scala-Lynx\lynxcats\src\main\scala\Lynx\org\lynxcats\Poker\Pot.scala:49:31 [0m[0m[0m
[0m[[0m[31merror[0m] [0m[0m[31m49 |[0m    [33mval[0m [36mupdatedPotAmount[0m:[35mPot[0m = Player.bet(bigBlind).runA(player).value + pot.value[0m
[0m[[0m[31merror[0m] [0m[0m[31m[31m   |[0m                               ^^^^^^^^^^^^^^^^^^^^^^^^^^^^^^^^^^^^^^^^^^^^^^^^^^^[0m[0m
[0m[[0m[31merror[0m] [0m[0m[31m   |[0m                               Found:    Int[0m
[0m[[0m[31merror[0m] [0m[0m[31m   |[0m                               Required: lynxcats.Poker.Pot[0m
[0m[[0m[31merror[0m] [0m[0m[31m   |[0m[0m
[0m[[0m[31merror[0m] [0m[0m[31m   |[0m longer explanation available when compiling with `-explain`[0m
[0m[[0m[31merror[0m] [0m[0m[31m[31m-- [E007] Type Mismatch Error: C:\Users\grego\OneDrive\Scala-Lynx\lynxcats\src\main\scala\Lynx\org\lynxcats\Poker\Pot.scala:50:38 [0m[0m[0m
[0m[[0m[31merror[0m] [0m[0m[31m50 |[0m    [33mval[0m [36mupdatedPot[0m = pot.copy(value = updatedPotAmount,minBet = bigBlind)[0m
[0m[[0m[31merror[0m] [0m[0m[31m[31m   |[0m                                      ^^^^^^^^^^^^^^^^[0m[0m
[0m[[0m[31merror[0m] [0m[0m[31m   |[0m                       Found:    (updatedPotAmount : lynxcats.Poker.Pot)[0m
[0m[[0m[31merror[0m] [0m[0m[31m   |[0m                       Required: Int[0m
[0m[[0m[31merror[0m] [0m[0m[31m   |[0m[0m
[0m[[0m[31merror[0m] [0m[0m[31m   |[0m longer explanation available when compiling with `-explain`[0m
[0m[[0m[31merror[0m] [0m[0mtwo errors found[0m
[0m[[0m[31merror[0m] [0m[0m(Compile / [31mcompileIncremental[0m) Compilation failed[0m
[0m[[0m[31merror[0m] [0m[0mTotal time: 3 s, completed 4 Dec 2023, 12:44:28[0m
[0m[[0m[0mdebug[0m] [0m[0m> Exec(resumeFromFailure, None, Some(CommandSource(console0)))[0m
[0m[[0m[0mdebug[0m] [0m[0m> Exec(sbtPopOnFailure, None, Some(CommandSource(console0)))[0m
[0m[[0m[0mdebug[0m] [0m[0m> Exec(__postWatch console0, None, Some(CommandSource(console0)))[0m
[0m[[0m[0mdebug[0m] [0m[0m> Exec(resumeFromFailure, None, None)[0m
[0m[[0m[0mdebug[0m] [0m[0m> Exec(__waitWatch console0, None, None)[0m
