[0m[[0m[0mdebug[0m] [0m[0m> Exec(__runWatch console0, Some(012d749d-4718-4793-8d0c-1f9ba538ca49), Some(CommandSource(console0)))[0m
[0m[[0m[0mdebug[0m] [0m[0m> Exec(sbtStashOnFailure, None, Some(CommandSource(console0)))[0m
[0m[[0m[0mdebug[0m] [0m[0m> Exec(__preWatch console0, None, Some(CommandSource(console0)))[0m
[0m[[0m[0mdebug[0m] [0m[0m> Exec(run, None, Some(CommandSource(console0)))[0m
[0m[[0m[0mdebug[0m] [0m[0mEvaluating tasks: Compile / run[0m
[0m[[0m[0mdebug[0m] [0m[0mRunning task... Cancel: Signal, check cycles: false, forcegc: true[0m
[0m[[0m[0minfo[0m] [0m[0mcompiling 2 Scala sources to C:\Users\grego\OneDrive\Scala-Lynx\lynxcats\target\scala-3.3.0\classes ...[0m
[0m[[0m[31merror[0m] [0m[0m[31m[31m-- [E040] Syntax Error: C:\Users\grego\OneDrive\Scala-Lynx\lynxcats\src\main\scala\Lynx\org\lynxcats\RanksWithMonads.scala:5:0 [0m[0m[0m
[0m[[0m[31merror[0m] [0m[0m[31m5 |[0m[33mimport[0m Poker.*[0m
[0m[[0m[31merror[0m] [0m[0m[31m[31m  |[0m^^^^^^[0m[0m
[0m[[0m[31merror[0m] [0m[0m[31m  |[0man identifier expected, but 'import' found[0m
[0m[[0m[31merror[0m] [0m[0m[31m  |[0m[0m
[0m[[0m[31merror[0m] [0m[0m[31m  |[0m longer explanation available when compiling with `-explain`[0m
[0m[[0m[31merror[0m] [0m[0m[31m[31m-- [E008] Not Found Error: C:\Users\grego\OneDrive\Scala-Lynx\lynxcats\src\main\scala\Lynx\org\lynxcats\RanksWithMonads.scala:6:13 [0m[0m[0m
[0m[[0m[31merror[0m] [0m[0m[31m6 |[0m[33mimport[0m Poker.Poker[0m
[0m[[0m[31merror[0m] [0m[0m[31m[31m  |[0m             ^^^^^[0m[0m
[0m[[0m[31merror[0m] [0m[0m[31m  |[0mvalue Poker is not a member of object Lynx.org.lynxcats.Poker.Poker² - did you mean Poker.Player?[0m
[0m[[0m[31merror[0m] [0m[0m[31m  |[0m[0m
[0m[[0m[31merror[0m] [0m[0m[31m  |[0mwhere:    Poker  is a package in [33mpackage[0m [35mLynx.org.lynxcats[0m[0m
[0m[[0m[31merror[0m] [0m[0m[31m  |[0m          Poker² is a object in [33mpackage[0m [35mLynx.org.lynxcats.Poker[0m[0m
[0m[[0m[31merror[0m] [0m[0m[31m[31m-- [E006] Not Found Error: C:\Users\grego\OneDrive\Scala-Lynx\lynxcats\src\main\scala\Lynx\org\lynxcats\RanksWithMonads.scala:9:23 [0m[0m[0m
[0m[[0m[31merror[0m] [0m[0m[31m9 |[0m  [33mdef[0m [36mcheckCount[0m([36mcards[0m:[35mcards[0m)={[0m
[0m[[0m[31merror[0m] [0m[0m[31m[31m  |[0m                       ^^^^^[0m[0m
[0m[[0m[31merror[0m] [0m[0m[31m  |[0m                       Not found: type cards[0m
[0m[[0m[31merror[0m] [0m[0m[31m  |[0m[0m
[0m[[0m[31merror[0m] [0m[0m[31m  |[0m longer explanation available when compiling with `-explain`[0m
[0m[[0m[31merror[0m] [0m[0mthree errors found[0m
[0m[[0m[31merror[0m] [0m[0m(Compile / [31mcompileIncremental[0m) Compilation failed[0m
[0m[[0m[31merror[0m] [0m[0mTotal time: 1 s, completed 25 Nov 2023, 15:36:55[0m
[0m[[0m[0mdebug[0m] [0m[0m> Exec(resumeFromFailure, None, Some(CommandSource(console0)))[0m
[0m[[0m[0mdebug[0m] [0m[0m> Exec(sbtPopOnFailure, None, Some(CommandSource(console0)))[0m
[0m[[0m[0mdebug[0m] [0m[0m> Exec(__postWatch console0, None, Some(CommandSource(console0)))[0m
[0m[[0m[0mdebug[0m] [0m[0m> Exec(resumeFromFailure, None, None)[0m
[0m[[0m[0mdebug[0m] [0m[0m> Exec(__waitWatch console0, None, None)[0m
