[0m[[0m[0mdebug[0m] [0m[0m> Exec(__runWatch console0, Some(aefdca8a-f7e8-4174-b59f-f98580c8eccc), Some(CommandSource(console0)))[0m
[0m[[0m[0mdebug[0m] [0m[0m> Exec(sbtStashOnFailure, None, Some(CommandSource(console0)))[0m
[0m[[0m[0mdebug[0m] [0m[0m> Exec(__preWatch console0, None, Some(CommandSource(console0)))[0m
[0m[[0m[0mdebug[0m] [0m[0m> Exec(run, None, Some(CommandSource(console0)))[0m
[0m[[0m[0mdebug[0m] [0m[0mEvaluating tasks: Compile / run[0m
[0m[[0m[0mdebug[0m] [0m[0mRunning task... Cancel: Signal, check cycles: false, forcegc: true[0m
[0m[[0m[0minfo[0m] [0m[0mcompiling 1 Scala source to C:\Users\grego\OneDrive\Scala-Lynx\lynxcats\target\scala-3.3.0\classes ...[0m
[0m[[0m[31merror[0m] [0m[0m[31m[31m-- [E007] Type Mismatch Error: C:\Users\grego\OneDrive\Scala-Lynx\lynxcats\src\main\scala\Lynx\org\lynxcats\Poker.scala:203:45 [0m[0m[0m
[0m[[0m[31merror[0m] [0m[0m[31m203 |[0m        [33mval[0m [36mcurrentPlayer[0m = Deck.dealTo(user)[0m
[0m[[0m[31merror[0m] [0m[0m[31m[31m    |[0m                                             ^[0m[0m
[0m[[0m[31merror[0m] [0m[0m[31m    |[0m                Found:    Unit[0m
[0m[[0m[31merror[0m] [0m[0m[31m    |[0m                Required: cats.data.IndexedStateT[cats.Eval, Any, Any,[0m
[0m[[0m[31merror[0m] [0m[0m[31m    |[0m                  List[Lynx.org.lynxcats.Poker.Player]][0m
[0m[[0m[31merror[0m] [0m[0m[31m    |[0m[0m
[0m[[0m[31merror[0m] [0m[0m[31m    |[0m longer explanation available when compiling with `-explain`[0m
[0m[[0m[31merror[0m] [0m[0mone error found[0m
[0m[[0m[31merror[0m] [0m[0m(Compile / [31mcompileIncremental[0m) Compilation failed[0m
[0m[[0m[31merror[0m] [0m[0mTotal time: 3 s, completed 20 Nov 2023, 15:01:16[0m
[0m[[0m[0mdebug[0m] [0m[0m> Exec(resumeFromFailure, None, Some(CommandSource(console0)))[0m
[0m[[0m[0mdebug[0m] [0m[0m> Exec(sbtPopOnFailure, None, Some(CommandSource(console0)))[0m
[0m[[0m[0mdebug[0m] [0m[0m> Exec(__postWatch console0, None, Some(CommandSource(console0)))[0m
[0m[[0m[0mdebug[0m] [0m[0m> Exec(resumeFromFailure, None, None)[0m
[0m[[0m[0mdebug[0m] [0m[0m> Exec(__waitWatch console0, None, None)[0m
