[0m[[0m[0mdebug[0m] [0m[0m> Exec(__runWatch console0, Some(7ec5c028-e5cc-491d-bba9-1c32a3f88b53), Some(CommandSource(console0)))[0m
[0m[[0m[0mdebug[0m] [0m[0m> Exec(sbtStashOnFailure, None, Some(CommandSource(console0)))[0m
[0m[[0m[0mdebug[0m] [0m[0m> Exec(__preWatch console0, None, Some(CommandSource(console0)))[0m
[0m[[0m[0mdebug[0m] [0m[0m> Exec(run, None, Some(CommandSource(console0)))[0m
[0m[[0m[0mdebug[0m] [0m[0mEvaluating tasks: Compile / run[0m
[0m[[0m[0mdebug[0m] [0m[0mRunning task... Cancel: Signal, check cycles: false, forcegc: true[0m
[0m[[0m[0minfo[0m] [0m[0mcompiling 2 Scala sources to C:\Users\grego\OneDrive\Scala-Lynx\lynxcats\target\scala-3.3.0\classes ...[0m
[0m[[0m[31merror[0m] [0m[0m[31m[31m-- [E006] Not Found Error: C:\Users\grego\OneDrive\Scala-Lynx\lynxcats\src\main\scala\Lynx\org\lynxcats\Poker\PokerDeck.scala:58:46 [0m[0m[0m
[0m[[0m[31merror[0m] [0m[0m[31m58 |[0m      [33mval[0m [36msortedCards[0m = cards.find(_.value == Ace) [33mmatch[0m[0m
[0m[[0m[31merror[0m] [0m[0m[31m[31m   |[0m                                              ^^^[0m[0m
[0m[[0m[31merror[0m] [0m[0m[31m   |[0m                                              Not found: Ace[0m
[0m[[0m[31merror[0m] [0m[0m[31m   |[0m[0m
[0m[[0m[31merror[0m] [0m[0m[31m   |[0m longer explanation available when compiling with `-explain`[0m
[0m[[0m[31merror[0m] [0m[0m[31m[31m-- [E006] Not Found Error: C:\Users\grego\OneDrive\Scala-Lynx\lynxcats\src\main\scala\Lynx\org\lynxcats\Poker\PokerDeck.scala:83:30 [0m[0m[0m
[0m[[0m[31merror[0m] [0m[0m[31m83 |[0m                card.giveRank(FullHouse)[0m
[0m[[0m[31merror[0m] [0m[0m[31m[31m   |[0m                              ^^^^^^^^^[0m[0m
[0m[[0m[31merror[0m] [0m[0m[31m   |[0m                              Not found: FullHouse[0m
[0m[[0m[31merror[0m] [0m[0m[31m   |[0m[0m
[0m[[0m[31merror[0m] [0m[0m[31m   |[0m longer explanation available when compiling with `-explain`[0m
[0m[[0m[31merror[0m] [0m[0m[31m[31m-- [E006] Not Found Error: C:\Users\grego\OneDrive\Scala-Lynx\lynxcats\src\main\scala\Lynx\org\lynxcats\Poker\PokerDeck.scala:85:33 [0m[0m[0m
[0m[[0m[31merror[0m] [0m[0m[31m85 |[0m              [33mthen[0m card.giveRank(TwoPair)[0m
[0m[[0m[31merror[0m] [0m[0m[31m[31m   |[0m                                 ^^^^^^^[0m[0m
[0m[[0m[31merror[0m] [0m[0m[31m   |[0m                                 Not found: TwoPair[0m
[0m[[0m[31merror[0m] [0m[0m[31m   |[0m[0m
[0m[[0m[31merror[0m] [0m[0m[31m   |[0m longer explanation available when compiling with `-explain`[0m
[0m[[0m[31merror[0m] [0m[0m[31m[31m-- [E006] Not Found Error: C:\Users\grego\OneDrive\Scala-Lynx\lynxcats\src\main\scala\Lynx\org\lynxcats\Poker\PokerDeck.scala:86:35 [0m[0m[0m
[0m[[0m[31merror[0m] [0m[0m[31m86 |[0m              [33melse[0m { card.giveRank(Pair) }[0m
[0m[[0m[31merror[0m] [0m[0m[31m[31m   |[0m                                   ^^^^[0m[0m
[0m[[0m[31merror[0m] [0m[0m[31m   |[0m                                   Not found: Pair[0m
[0m[[0m[31merror[0m] [0m[0m[31m   |[0m[0m
[0m[[0m[31merror[0m] [0m[0m[31m   |[0m longer explanation available when compiling with `-explain`[0m
[0m[[0m[31merror[0m] [0m[0m[31m[31m-- [E006] Not Found Error: C:\Users\grego\OneDrive\Scala-Lynx\lynxcats\src\main\scala\Lynx\org\lynxcats\Poker\PokerDeck.scala:89:30 [0m[0m[0m
[0m[[0m[31merror[0m] [0m[0m[31m89 |[0m                card.giveRank(FullHouse)[0m
[0m[[0m[31merror[0m] [0m[0m[31m[31m   |[0m                              ^^^^^^^^^[0m[0m
[0m[[0m[31merror[0m] [0m[0m[31m   |[0m                              Not found: FullHouse[0m
[0m[[0m[31merror[0m] [0m[0m[31m   |[0m[0m
[0m[[0m[31merror[0m] [0m[0m[31m   |[0m longer explanation available when compiling with `-explain`[0m
[0m[[0m[31merror[0m] [0m[0m[31m[31m-- [E006] Not Found Error: C:\Users\grego\OneDrive\Scala-Lynx\lynxcats\src\main\scala\Lynx\org\lynxcats\Poker\PokerDeck.scala:90:33 [0m[0m[0m
[0m[[0m[31merror[0m] [0m[0m[31m90 |[0m              [33melse[0m card.giveRank(ThreeOfAKind)[0m
[0m[[0m[31merror[0m] [0m[0m[31m[31m   |[0m                                 ^^^^^^^^^^^^[0m[0m
[0m[[0m[31merror[0m] [0m[0m[31m   |[0m                                 Not found: ThreeOfAKind[0m
[0m[[0m[31merror[0m] [0m[0m[31m   |[0m[0m
[0m[[0m[31merror[0m] [0m[0m[31m   |[0m longer explanation available when compiling with `-explain`[0m
[0m[[0m[31merror[0m] [0m[0m[31m[31m-- [E006] Not Found Error: C:\Users\grego\OneDrive\Scala-Lynx\lynxcats\src\main\scala\Lynx\org\lynxcats\Poker\PokerDeck.scala:91:36 [0m[0m[0m
[0m[[0m[31merror[0m] [0m[0m[31m91 |[0m            [33mcase[0m [31m4[0m => card.giveRank(FourOfAKind)[0m
[0m[[0m[31merror[0m] [0m[0m[31m[31m   |[0m                                    ^^^^^^^^^^^[0m[0m
[0m[[0m[31merror[0m] [0m[0m[31m   |[0m                                    Not found: FourOfAKind[0m
[0m[[0m[31merror[0m] [0m[0m[31m   |[0m[0m
[0m[[0m[31merror[0m] [0m[0m[31m   |[0m longer explanation available when compiling with `-explain`[0m
[0m[[0m[31merror[0m] [0m[0m[31m[31m-- [E006] Not Found Error: C:\Users\grego\OneDrive\Scala-Lynx\lynxcats\src\main\scala\Lynx\org\lynxcats\Poker\PokerDeck.scala:97:44 [0m[0m[0m
[0m[[0m[31merror[0m] [0m[0m[31m97 |[0m            [33mcase[0m [31m5[0m | [31m6[0m | [31m7[0m => card.giveRank(Flush)[0m
[0m[[0m[31merror[0m] [0m[0m[31m[31m   |[0m                                            ^^^^^[0m[0m
[0m[[0m[31merror[0m] [0m[0m[31m   |[0m                                            Not found: Flush[0m
[0m[[0m[31merror[0m] [0m[0m[31m   |[0m[0m
[0m[[0m[31merror[0m] [0m[0m[31m   |[0m longer explanation available when compiling with `-explain`[0m
[0m[[0m[31merror[0m] [0m[0m[31m[31m-- [E006] Not Found Error: C:\Users\grego\OneDrive\Scala-Lynx\lynxcats\src\main\scala\Lynx\org\lynxcats\Poker\PokerDeck.scala:104:26 [0m[0m[0m
[0m[[0m[31merror[0m] [0m[0m[31m104 |[0m            card.giveRank(Straight)[0m
[0m[[0m[31merror[0m] [0m[0m[31m[31m    |[0m                          ^^^^^^^^[0m[0m
[0m[[0m[31merror[0m] [0m[0m[31m    |[0m                          Not found: Straight[0m
[0m[[0m[31merror[0m] [0m[0m[31m    |[0m[0m
[0m[[0m[31merror[0m] [0m[0m[31m    |[0m longer explanation available when compiling with `-explain`[0m
[0m[[0m[31merror[0m] [0m[0m[31m[31m-- [E006] Not Found Error: C:\Users\grego\OneDrive\Scala-Lynx\lynxcats\src\main\scala\Lynx\org\lynxcats\Poker\PokerDeck.scala:6:35 [0m[0m[0m
[0m[[0m[31merror[0m] [0m[0m[31m6 |[0m    [33mdef[0m [36mshuffle[0m = [33mthis[0m.copy(deck = Random.shuffle(deck))[0m
[0m[[0m[31merror[0m] [0m[0m[31m[31m  |[0m                                   ^^^^^^[0m[0m
[0m[[0m[31merror[0m] [0m[0m[31m  |[0m                                   Not found: Random[0m
[0m[[0m[31merror[0m] [0m[0m[31m  |[0m[0m
[0m[[0m[31merror[0m] [0m[0m[31m  |[0m longer explanation available when compiling with `-explain`[0m
[0m[[0m[31merror[0m] [0m[0m[31m[31m-- [E006] Not Found Error: C:\Users\grego\OneDrive\Scala-Lynx\lynxcats\src\main\scala\Lynx\org\lynxcats\Poker\PokerDeck.scala:27:35 [0m[0m[0m
[0m[[0m[31merror[0m] [0m[0m[31m27 |[0m    [33mdef[0m [36mshuffle[0m: [35mdeckState[0m[[35mUnit[0m] = State.modify { [36mstate[0m =>[0m
[0m[[0m[31merror[0m] [0m[0m[31m[31m   |[0m                                   ^^^^^[0m[0m
[0m[[0m[31merror[0m] [0m[0m[31m   |[0m                                   Not found: State[0m
[0m[[0m[31merror[0m] [0m[0m[31m   |[0m[0m
[0m[[0m[31merror[0m] [0m[0m[31m   |[0m longer explanation available when compiling with `-explain`[0m
[0m[[0m[31merror[0m] [0m[0m[31m[31m-- [E006] Not Found Error: C:\Users\grego\OneDrive\Scala-Lynx\lynxcats\src\main\scala\Lynx\org\lynxcats\Poker\PokerDeck.scala:31:34 [0m[0m[0m
[0m[[0m[31merror[0m] [0m[0m[31m31 |[0m    [33mdef[0m [36mreveal[0m: [35mdeckState[0m[[35mCard[0m] = State { [36mstate[0m =>[0m
[0m[[0m[31merror[0m] [0m[0m[31m[31m   |[0m                                  ^^^^^[0m[0m
[0m[[0m[31merror[0m] [0m[0m[31m   |[0m                                  Not found: State[0m
[0m[[0m[31merror[0m] [0m[0m[31m   |[0m[0m
[0m[[0m[31merror[0m] [0m[0m[31m   |[0m longer explanation available when compiling with `-explain`[0m
[0m[[0m[31merror[0m] [0m[0m[31m[31m-- [E006] Not Found Error: C:\Users\grego\OneDrive\Scala-Lynx\lynxcats\src\main\scala\Lynx\org\lynxcats\Poker\PokerDeck.scala:39:32 [0m[0m[0m
[0m[[0m[31merror[0m] [0m[0m[31m39 |[0m    [33mdef[0m [36mdeal[0m: [35mdeckState[0m[[35mUnit[0m] = State { [36mstate[0m =>[0m
[0m[[0m[31merror[0m] [0m[0m[31m[31m   |[0m                                ^^^^^[0m[0m
[0m[[0m[31merror[0m] [0m[0m[31m   |[0m                                Not found: State[0m
[0m[[0m[31merror[0m] [0m[0m[31m   |[0m[0m
[0m[[0m[31merror[0m] [0m[0m[31m   |[0m longer explanation available when compiling with `-explain`[0m
[0m[[0m[31merror[0m] [0m[0m[31m[31m-- [E006] Not Found Error: C:\Users\grego\OneDrive\Scala-Lynx\lynxcats\src\main\scala\Lynx\org\lynxcats\Poker\PokerDeck.scala:49:48 [0m[0m[0m
[0m[[0m[31merror[0m] [0m[0m[31m49 |[0m    [33mdef[0m [36mdealTo[0m([36muser[0m: [35mUser[0m): [35mdeckState[0m[[35mPlayer[0m] = State { [36mstate[0m =>[0m
[0m[[0m[31merror[0m] [0m[0m[31m[31m   |[0m                                                ^^^^^[0m[0m
[0m[[0m[31merror[0m] [0m[0m[31m   |[0m                                                Not found: State[0m
[0m[[0m[31merror[0m] [0m[0m[31m   |[0m[0m
[0m[[0m[31merror[0m] [0m[0m[31m   |[0m longer explanation available when compiling with `-explain`[0m
[0m[[0m[31merror[0m] [0m[0m14 errors found[0m
[0m[[0m[31merror[0m] [0m[0m(Compile / [31mcompileIncremental[0m) Compilation failed[0m
[0m[[0m[31merror[0m] [0m[0mTotal time: 2 s, completed 25 Nov 2023, 16:22:42[0m
[0m[[0m[0mdebug[0m] [0m[0m> Exec(resumeFromFailure, None, Some(CommandSource(console0)))[0m
[0m[[0m[0mdebug[0m] [0m[0m> Exec(sbtPopOnFailure, None, Some(CommandSource(console0)))[0m
[0m[[0m[0mdebug[0m] [0m[0m> Exec(__postWatch console0, None, Some(CommandSource(console0)))[0m
[0m[[0m[0mdebug[0m] [0m[0m> Exec(resumeFromFailure, None, None)[0m
[0m[[0m[0mdebug[0m] [0m[0m> Exec(__waitWatch console0, None, None)[0m
