[0m[[0m[0mdebug[0m] [0m[0m> Exec(__runWatch console0, Some(52aa0697-6637-45bd-a98a-42fd6f54047d), Some(CommandSource(console0)))[0m
[0m[[0m[0mdebug[0m] [0m[0m> Exec(sbtStashOnFailure, None, Some(CommandSource(console0)))[0m
[0m[[0m[0mdebug[0m] [0m[0m> Exec(__preWatch console0, None, Some(CommandSource(console0)))[0m
[0m[[0m[0mdebug[0m] [0m[0m> Exec(run, None, Some(CommandSource(console0)))[0m
[0m[[0m[0mdebug[0m] [0m[0mEvaluating tasks: Compile / run[0m
[0m[[0m[0mdebug[0m] [0m[0mRunning task... Cancel: Signal, check cycles: false, forcegc: true[0m
[0m[[0m[0minfo[0m] [0m[0mcompiling 2 Scala sources to C:\Users\grego\OneDrive\Scala-Lynx\lynxcats\target\scala-3.3.0\classes ...[0m
[0m[[0m[31merror[0m] [0m[0m[31m[31m-- [E006] Not Found Error: C:\Users\grego\OneDrive\Scala-Lynx\lynxcats\src\main\scala\Lynx\org\lynxcats\Poker\PokerDeck.scala:61:46 [0m[0m[0m
[0m[[0m[31merror[0m] [0m[0m[31m61 |[0m      [33mval[0m [36msortedCards[0m = cards.find(_.value == Ace) [33mmatch[0m[0m
[0m[[0m[31merror[0m] [0m[0m[31m[31m   |[0m                                              ^^^[0m[0m
[0m[[0m[31merror[0m] [0m[0m[31m   |[0m                                              Not found: Ace[0m
[0m[[0m[31merror[0m] [0m[0m[31m   |[0m[0m
[0m[[0m[31merror[0m] [0m[0m[31m   |[0m longer explanation available when compiling with `-explain`[0m
[0m[[0m[31merror[0m] [0m[0m[31m[31m-- [E006] Not Found Error: C:\Users\grego\OneDrive\Scala-Lynx\lynxcats\src\main\scala\Lynx\org\lynxcats\Poker\PokerDeck.scala:71:14 [0m[0m[0m
[0m[[0m[31merror[0m] [0m[0m[31m71 |[0m              CardValue.distance([0m
[0m[[0m[31merror[0m] [0m[0m[31m[31m   |[0m              ^^^^^^^^^[0m[0m
[0m[[0m[31merror[0m] [0m[0m[31m   |[0m              Not found: CardValue[0m
[0m[[0m[31merror[0m] [0m[0m[31m   |[0m[0m
[0m[[0m[31merror[0m] [0m[0m[31m   |[0m longer explanation available when compiling with `-explain`[0m
[0m[[0m[31merror[0m] [0m[0m[31m[31m-- [E006] Not Found Error: C:\Users\grego\OneDrive\Scala-Lynx\lynxcats\src\main\scala\Lynx\org\lynxcats\Poker\PokerDeck.scala:86:30 [0m[0m[0m
[0m[[0m[31merror[0m] [0m[0m[31m86 |[0m                card.giveRank(FullHouse)[0m
[0m[[0m[31merror[0m] [0m[0m[31m[31m   |[0m                              ^^^^^^^^^[0m[0m
[0m[[0m[31merror[0m] [0m[0m[31m   |[0m                              Not found: FullHouse[0m
[0m[[0m[31merror[0m] [0m[0m[31m   |[0m[0m
[0m[[0m[31merror[0m] [0m[0m[31m   |[0m longer explanation available when compiling with `-explain`[0m
[0m[[0m[31merror[0m] [0m[0m[31m[31m-- [E006] Not Found Error: C:\Users\grego\OneDrive\Scala-Lynx\lynxcats\src\main\scala\Lynx\org\lynxcats\Poker\PokerDeck.scala:88:33 [0m[0m[0m
[0m[[0m[31merror[0m] [0m[0m[31m88 |[0m              [33mthen[0m card.giveRank(TwoPair)[0m
[0m[[0m[31merror[0m] [0m[0m[31m[31m   |[0m                                 ^^^^^^^[0m[0m
[0m[[0m[31merror[0m] [0m[0m[31m   |[0m                                 Not found: TwoPair[0m
[0m[[0m[31merror[0m] [0m[0m[31m   |[0m[0m
[0m[[0m[31merror[0m] [0m[0m[31m   |[0m longer explanation available when compiling with `-explain`[0m
[0m[[0m[31merror[0m] [0m[0m[31m[31m-- [E006] Not Found Error: C:\Users\grego\OneDrive\Scala-Lynx\lynxcats\src\main\scala\Lynx\org\lynxcats\Poker\PokerDeck.scala:89:35 [0m[0m[0m
[0m[[0m[31merror[0m] [0m[0m[31m89 |[0m              [33melse[0m { card.giveRank(Pair) }[0m
[0m[[0m[31merror[0m] [0m[0m[31m[31m   |[0m                                   ^^^^[0m[0m
[0m[[0m[31merror[0m] [0m[0m[31m   |[0m                                   Not found: Pair[0m
[0m[[0m[31merror[0m] [0m[0m[31m   |[0m[0m
[0m[[0m[31merror[0m] [0m[0m[31m   |[0m longer explanation available when compiling with `-explain`[0m
[0m[[0m[31merror[0m] [0m[0m[31m[31m-- [E006] Not Found Error: C:\Users\grego\OneDrive\Scala-Lynx\lynxcats\src\main\scala\Lynx\org\lynxcats\Poker\PokerDeck.scala:92:30 [0m[0m[0m
[0m[[0m[31merror[0m] [0m[0m[31m92 |[0m                card.giveRank(FullHouse)[0m
[0m[[0m[31merror[0m] [0m[0m[31m[31m   |[0m                              ^^^^^^^^^[0m[0m
[0m[[0m[31merror[0m] [0m[0m[31m   |[0m                              Not found: FullHouse[0m
[0m[[0m[31merror[0m] [0m[0m[31m   |[0m[0m
[0m[[0m[31merror[0m] [0m[0m[31m   |[0m longer explanation available when compiling with `-explain`[0m
[0m[[0m[31merror[0m] [0m[0m[31m[31m-- [E006] Not Found Error: C:\Users\grego\OneDrive\Scala-Lynx\lynxcats\src\main\scala\Lynx\org\lynxcats\Poker\PokerDeck.scala:93:33 [0m[0m[0m
[0m[[0m[31merror[0m] [0m[0m[31m93 |[0m              [33melse[0m card.giveRank(ThreeOfAKind)[0m
[0m[[0m[31merror[0m] [0m[0m[31m[31m   |[0m                                 ^^^^^^^^^^^^[0m[0m
[0m[[0m[31merror[0m] [0m[0m[31m   |[0m                                 Not found: ThreeOfAKind[0m
[0m[[0m[31merror[0m] [0m[0m[31m   |[0m[0m
[0m[[0m[31merror[0m] [0m[0m[31m   |[0m longer explanation available when compiling with `-explain`[0m
[0m[[0m[31merror[0m] [0m[0m[31m[31m-- [E006] Not Found Error: C:\Users\grego\OneDrive\Scala-Lynx\lynxcats\src\main\scala\Lynx\org\lynxcats\Poker\PokerDeck.scala:94:36 [0m[0m[0m
[0m[[0m[31merror[0m] [0m[0m[31m94 |[0m            [33mcase[0m [31m4[0m => card.giveRank(FourOfAKind)[0m
[0m[[0m[31merror[0m] [0m[0m[31m[31m   |[0m                                    ^^^^^^^^^^^[0m[0m
[0m[[0m[31merror[0m] [0m[0m[31m   |[0m                                    Not found: FourOfAKind[0m
[0m[[0m[31merror[0m] [0m[0m[31m   |[0m[0m
[0m[[0m[31merror[0m] [0m[0m[31m   |[0m longer explanation available when compiling with `-explain`[0m
[0m[[0m[31merror[0m] [0m[0m[31m[31m-- [E006] Not Found Error: C:\Users\grego\OneDrive\Scala-Lynx\lynxcats\src\main\scala\Lynx\org\lynxcats\Poker\PokerDeck.scala:100:44 [0m[0m[0m
[0m[[0m[31merror[0m] [0m[0m[31m100 |[0m            [33mcase[0m [31m5[0m | [31m6[0m | [31m7[0m => card.giveRank(Flush)[0m
[0m[[0m[31merror[0m] [0m[0m[31m[31m    |[0m                                            ^^^^^[0m[0m
[0m[[0m[31merror[0m] [0m[0m[31m    |[0m                                            Not found: Flush[0m
[0m[[0m[31merror[0m] [0m[0m[31m    |[0m[0m
[0m[[0m[31merror[0m] [0m[0m[31m    |[0m longer explanation available when compiling with `-explain`[0m
[0m[[0m[31merror[0m] [0m[0m[31m[31m-- [E006] Not Found Error: C:\Users\grego\OneDrive\Scala-Lynx\lynxcats\src\main\scala\Lynx\org\lynxcats\Poker\PokerDeck.scala:107:26 [0m[0m[0m
[0m[[0m[31merror[0m] [0m[0m[31m107 |[0m            card.giveRank(Straight)[0m
[0m[[0m[31merror[0m] [0m[0m[31m[31m    |[0m                          ^^^^^^^^[0m[0m
[0m[[0m[31merror[0m] [0m[0m[31m    |[0m                          Not found: Straight[0m
[0m[[0m[31merror[0m] [0m[0m[31m    |[0m[0m
[0m[[0m[31merror[0m] [0m[0m[31m    |[0m longer explanation available when compiling with `-explain`[0m
[0m[[0m[31merror[0m] [0m[0m[31m[31m-- [E006] Not Found Error: C:\Users\grego\OneDrive\Scala-Lynx\lynxcats\src\main\scala\Lynx\org\lynxcats\Poker\PokerDeck.scala:28:15 [0m[0m[0m
[0m[[0m[31merror[0m] [0m[0m[31m28 |[0m      value <- CardValue.values[0m
[0m[[0m[31merror[0m] [0m[0m[31m[31m   |[0m               ^^^^^^^^^[0m[0m
[0m[[0m[31merror[0m] [0m[0m[31m   |[0m               Not found: CardValue[0m
[0m[[0m[31merror[0m] [0m[0m[31m   |[0m[0m
[0m[[0m[31merror[0m] [0m[0m[31m   |[0m longer explanation available when compiling with `-explain`[0m
[0m[[0m[31merror[0m] [0m[0m[31m[31m-- [E006] Not Found Error: C:\Users\grego\OneDrive\Scala-Lynx\lynxcats\src\main\scala\Lynx\org\lynxcats\Poker\PokerDeck.scala:42:14 [0m[0m[0m
[0m[[0m[31merror[0m] [0m[0m[31m42 |[0m    [33mdef[0m [36mdeal[0m: [35mdeckState[0m[[35mUnit[0m] = State { [36mstate[0m =>[0m
[0m[[0m[31merror[0m] [0m[0m[31m[31m   |[0m              ^^^^^^^^^[0m[0m
[0m[[0m[31merror[0m] [0m[0m[31m   |[0m              Not found: type deckState[0m
[0m[[0m[31merror[0m] [0m[0m[31m   |[0m[0m
[0m[[0m[31merror[0m] [0m[0m[31m   |[0m longer explanation available when compiling with `-explain`[0m
[0m[[0m[31merror[0m] [0m[0m[31m[31m-- [E006] Not Found Error: C:\Users\grego\OneDrive\Scala-Lynx\lynxcats\src\main\scala\Lynx\org\lynxcats\Poker\PokerDeck.scala:52:21 [0m[0m[0m
[0m[[0m[31merror[0m] [0m[0m[31m52 |[0m    [33mdef[0m [36mdealTo[0m([36muser[0m: [35mUser[0m): [35mdeckState[0m[[35mPlayer[0m] = State { [36mstate[0m =>[0m
[0m[[0m[31merror[0m] [0m[0m[31m[31m   |[0m                     ^^^^[0m[0m
[0m[[0m[31merror[0m] [0m[0m[31m   |[0m                     Not found: type User[0m
[0m[[0m[31merror[0m] [0m[0m[31m   |[0m[0m
[0m[[0m[31merror[0m] [0m[0m[31m   |[0m longer explanation available when compiling with `-explain`[0m
[0m[[0m[31merror[0m] [0m[0m[31m[31m-- [E006] Not Found Error: C:\Users\grego\OneDrive\Scala-Lynx\lynxcats\src\main\scala\Lynx\org\lynxcats\Poker\PokerDeck.scala:52:28 [0m[0m[0m
[0m[[0m[31merror[0m] [0m[0m[31m52 |[0m    [33mdef[0m [36mdealTo[0m([36muser[0m: [35mUser[0m): [35mdeckState[0m[[35mPlayer[0m] = State { [36mstate[0m =>[0m
[0m[[0m[31merror[0m] [0m[0m[31m[31m   |[0m                            ^^^^^^^^^[0m[0m
[0m[[0m[31merror[0m] [0m[0m[31m   |[0m                            Not found: type deckState[0m
[0m[[0m[31merror[0m] [0m[0m[31m   |[0m[0m
[0m[[0m[31merror[0m] [0m[0m[31m   |[0m longer explanation available when compiling with `-explain`[0m
[0m[[0m[31merror[0m] [0m[0m[31m[31m-- [E006] Not Found Error: C:\Users\grego\OneDrive\Scala-Lynx\lynxcats\src\main\scala\Lynx\org\lynxcats\Poker\PokerDeck.scala:52:38 [0m[0m[0m
[0m[[0m[31merror[0m] [0m[0m[31m52 |[0m    [33mdef[0m [36mdealTo[0m([36muser[0m: [35mUser[0m): [35mdeckState[0m[[35mPlayer[0m] = State { [36mstate[0m =>[0m
[0m[[0m[31merror[0m] [0m[0m[31m[31m   |[0m                                      ^^^^^^[0m[0m
[0m[[0m[31merror[0m] [0m[0m[31m   |[0m                                      Not found: type Player[0m
[0m[[0m[31merror[0m] [0m[0m[31m   |[0m[0m
[0m[[0m[31merror[0m] [0m[0m[31m   |[0m longer explanation available when compiling with `-explain`[0m
[0m[[0m[31merror[0m] [0m[0m[31m[31m-- [E172] Type Error: C:\Users\grego\OneDrive\Scala-Lynx\lynxcats\src\main\scala\Lynx\org\lynxcats\Poker\PokerCards.scala:142:39 [0m[0m[0m
[0m[[0m[31merror[0m] [0m[0m[31m142 |[0m    [33mval[0m [36mw[0m = users.traverse(Deck.dealTo).runA(deckdealt).value[0m
[0m[[0m[31merror[0m] [0m[0m[31m[31m    |[0m                                       ^[0m[0m
[0m[[0m[31merror[0m] [0m[0m[31m    |[0mNo given instance of type cats.Applicative[[_] =>> Any] was found for parameter ev$1 of [33mmethod[0m [35mtraverse[0m in [33mtrait[0m [35mOps[0m[0m
[0m[[0m[31merror[0m] [0m[0m[31m[31m-- [E006] Not Found Error: C:\Users\grego\OneDrive\Scala-Lynx\lynxcats\src\main\scala\Lynx\org\lynxcats\Poker\PokerDeck.scala:30:17 [0m[0m[0m
[0m[[0m[31merror[0m] [0m[0m[31m30 |[0m    [33mdef[0m [36mshuffle[0m: [35mdeckState[0m[[35mUnit[0m] = State.modify { [36mstate[0m =>[0m
[0m[[0m[31merror[0m] [0m[0m[31m[31m   |[0m                 ^^^^^^^^^[0m[0m
[0m[[0m[31merror[0m] [0m[0m[31m   |[0m                 Not found: type deckState[0m
[0m[[0m[31merror[0m] [0m[0m[31m   |[0m[0m
[0m[[0m[31merror[0m] [0m[0m[31m   |[0m longer explanation available when compiling with `-explain`[0m
[0m[[0m[31merror[0m] [0m[0m[31m[31m-- [E006] Not Found Error: C:\Users\grego\OneDrive\Scala-Lynx\lynxcats\src\main\scala\Lynx\org\lynxcats\Poker\PokerDeck.scala:30:35 [0m[0m[0m
[0m[[0m[31merror[0m] [0m[0m[31m30 |[0m    [33mdef[0m [36mshuffle[0m: [35mdeckState[0m[[35mUnit[0m] = State.modify { [36mstate[0m =>[0m
[0m[[0m[31merror[0m] [0m[0m[31m[31m   |[0m                                   ^^^^^[0m[0m
[0m[[0m[31merror[0m] [0m[0m[31m   |[0m                                   Not found: State[0m
[0m[[0m[31merror[0m] [0m[0m[31m   |[0m[0m
[0m[[0m[31merror[0m] [0m[0m[31m   |[0m longer explanation available when compiling with `-explain`[0m
[0m[[0m[31merror[0m] [0m[0m[31m[31m-- [E006] Not Found Error: C:\Users\grego\OneDrive\Scala-Lynx\lynxcats\src\main\scala\Lynx\org\lynxcats\Poker\PokerDeck.scala:34:16 [0m[0m[0m
[0m[[0m[31merror[0m] [0m[0m[31m34 |[0m    [33mdef[0m [36mreveal[0m: [35mdeckState[0m[[35mCard[0m] = State { [36mstate[0m =>[0m
[0m[[0m[31merror[0m] [0m[0m[31m[31m   |[0m                ^^^^^^^^^[0m[0m
[0m[[0m[31merror[0m] [0m[0m[31m   |[0m                Not found: type deckState[0m
[0m[[0m[31merror[0m] [0m[0m[31m   |[0m[0m
[0m[[0m[31merror[0m] [0m[0m[31m   |[0m longer explanation available when compiling with `-explain`[0m
[0m[[0m[31merror[0m] [0m[0m[31m[31m-- [E006] Not Found Error: C:\Users\grego\OneDrive\Scala-Lynx\lynxcats\src\main\scala\Lynx\org\lynxcats\Poker\PokerDeck.scala:34:34 [0m[0m[0m
[0m[[0m[31merror[0m] [0m[0m[31m34 |[0m    [33mdef[0m [36mreveal[0m: [35mdeckState[0m[[35mCard[0m] = State { [36mstate[0m =>[0m
[0m[[0m[31merror[0m] [0m[0m[31m[31m   |[0m                                  ^^^^^[0m[0m
[0m[[0m[31merror[0m] [0m[0m[31m   |[0m                                  Not found: State[0m
[0m[[0m[31merror[0m] [0m[0m[31m   |[0m[0m
[0m[[0m[31merror[0m] [0m[0m[31m   |[0m longer explanation available when compiling with `-explain`[0m
[0m[[0m[31merror[0m] [0m[0m[31m[31m-- [E006] Not Found Error: C:\Users\grego\OneDrive\Scala-Lynx\lynxcats\src\main\scala\Lynx\org\lynxcats\Poker\PokerDeck.scala:42:32 [0m[0m[0m
[0m[[0m[31merror[0m] [0m[0m[31m42 |[0m    [33mdef[0m [36mdeal[0m: [35mdeckState[0m[[35mUnit[0m] = State { [36mstate[0m =>[0m
[0m[[0m[31merror[0m] [0m[0m[31m[31m   |[0m                                ^^^^^[0m[0m
[0m[[0m[31merror[0m] [0m[0m[31m   |[0m                                Not found: State[0m
[0m[[0m[31merror[0m] [0m[0m[31m   |[0m[0m
[0m[[0m[31merror[0m] [0m[0m[31m   |[0m longer explanation available when compiling with `-explain`[0m
[0m[[0m[31merror[0m] [0m[0m[31m[31m-- [E006] Not Found Error: C:\Users\grego\OneDrive\Scala-Lynx\lynxcats\src\main\scala\Lynx\org\lynxcats\Poker\PokerDeck.scala:52:48 [0m[0m[0m
[0m[[0m[31merror[0m] [0m[0m[31m52 |[0m    [33mdef[0m [36mdealTo[0m([36muser[0m: [35mUser[0m): [35mdeckState[0m[[35mPlayer[0m] = State { [36mstate[0m =>[0m
[0m[[0m[31merror[0m] [0m[0m[31m[31m   |[0m                                                ^^^^^[0m[0m
[0m[[0m[31merror[0m] [0m[0m[31m   |[0m                                                Not found: State[0m
[0m[[0m[31merror[0m] [0m[0m[31m   |[0m[0m
[0m[[0m[31merror[0m] [0m[0m[31m   |[0m longer explanation available when compiling with `-explain`[0m
[0m[[0m[31merror[0m] [0m[0m22 errors found[0m
[0m[[0m[31merror[0m] [0m[0m(Compile / [31mcompileIncremental[0m) Compilation failed[0m
[0m[[0m[31merror[0m] [0m[0mTotal time: 1 s, completed 25 Nov 2023, 16:21:14[0m
[0m[[0m[0mdebug[0m] [0m[0m> Exec(resumeFromFailure, None, Some(CommandSource(console0)))[0m
[0m[[0m[0mdebug[0m] [0m[0m> Exec(sbtPopOnFailure, None, Some(CommandSource(console0)))[0m
[0m[[0m[0mdebug[0m] [0m[0m> Exec(__postWatch console0, None, Some(CommandSource(console0)))[0m
[0m[[0m[0mdebug[0m] [0m[0m> Exec(resumeFromFailure, None, None)[0m
[0m[[0m[0mdebug[0m] [0m[0m> Exec(__waitWatch console0, None, None)[0m
